0 verbose cli [
0 verbose cli   'C:\\Program Files\\nodejs\\node.exe',
0 verbose cli   'C:\\Program Files\\nodejs\\node_modules\\npm\\bin\\npm-cli.js',
0 verbose cli   'prefix',
0 verbose cli   '-g'
0 verbose cli ]
1 info using npm@8.3.1
2 info using node@v16.14.0
3 timing npm:load:whichnode Completed in 0ms
4 timing config:load:defaults Completed in 3ms
5 timing config:load:file:C:\Program Files\nodejs\node_modules\npm\npmrc Completed in 17ms
6 timing config:load:builtin Completed in 18ms
7 timing config:load:cli Completed in 4ms
8 timing config:load:env Completed in 1ms
9 timing config:load:project Completed in 1ms
10 timing config:load:file:C:\Users\Hp_EliteBook\.npmrc Completed in 1ms
11 timing config:load:user Completed in 1ms
12 timing config:load:file:C:\Users\Hp_EliteBook\AppData\Roaming\npm\etc\npmrc Completed in 2ms
13 timing config:load:global Completed in 3ms
14 timing config:load:validate Completed in 1ms
15 timing config:load:credentials Completed in 2ms
16 timing config:load:setEnvs Completed in 2ms
17 timing config:load Completed in 39ms
18 timing npm:load:configload Completed in 39ms
19 timing npm:load:setTitle Completed in 0ms
20 timing config:load:flatten Completed in 7ms
21 timing npm:load:display Completed in 9ms
22 verbose logfile C:\Users\Hp_EliteBook\Documents\emsi\stage 2eme annee\projet\code\2.0\frontend\npm-globalnpm-cache\_logs\2022-08-24T21_47_58_955Z-debug-0.log
23 timing npm:load:logFile Completed in 15ms
24 timing npm:load:timers Completed in 0ms
25 timing npm:load:configScope Completed in 0ms
26 timing npm:load Completed in 68ms
27 timing command:prefix Completed in 3ms
28 verbose exit 0
29 timing npm Completed in 807ms
30 info ok
